<?xml version="1.0" encoding="UTF-8"?>
<!-- Generated by org.testng.reporters.JUnitReportReporter -->
<testsuite hostname="LAPTOP-V746OSEM" failures="0" tests="3" name="APITest.badge_positive" time="9.148" errors="0" timestamp="2021-11-27T10:04:21 IST" skipped="0">
  <testcase classname="APITest.badge_positive" name="badgeID" time="2.666"/>
  <system-out/>
  <testcase classname="APITest.badge_positive" name="badgeTags" time="1.441"/>
  <system-out/>
  <testcase classname="APITest.badge_positive" name="badgeReceipent" time="5.041"/>
  <system-out/>
</testsuite> <!-- APITest.badge_positive -->
