<?xml version="1.0" encoding="UTF-8"?>
<!-- Generated by org.testng.reporters.JUnitReportReporter -->
<testsuite hostname="LAPTOP-V746OSEM" failures="0" tests="6" name="APITest.badgeID_positive" time="14.230" errors="0" timestamp="2021-12-02T11:33:18 IST" skipped="0">
  <testcase classname="APITest.badgeID_positive" name="badgeIDWithSortName" time="1.978"/>
  <system-out/>
  <testcase classname="APITest.badgeID_positive" name="badgeIDWithOrderDescSortRank" time="1.721"/>
  <system-out/>
  <testcase classname="APITest.badgeID_positive" name="badgeIDWithSortType" time="3.016"/>
  <system-out/>
  <testcase classname="APITest.badgeID_positive" name="badgeIDWithOrderAscSortRank" time="2.606"/>
  <system-out/>
  <testcase classname="APITest.badgeID_positive" name="badgeIDWithMin" time="1.481"/>
  <system-out/>
  <testcase classname="APITest.badgeID_positive" name="badgeIDWithMax" time="3.428"/>
  <system-out/>
</testsuite> <!-- APITest.badgeID_positive -->
