<?xml version="1.0" encoding="UTF-8"?>
<!-- Generated by org.testng.reporters.JUnitReportReporter -->
<testsuite hostname="LAPTOP-V746OSEM" failures="0" tests="1" name="com.cloudcover.app.UITest" time="9.192" errors="0" timestamp="2021-11-27T14:01:37 IST" skipped="0">
  <testcase classname="com.cloudcover.app.UITest" name="getTagWithMaximumQuestionsTest" time="9.192"/>
  <system-out/>
</testsuite> <!-- com.cloudcover.app.UITest -->
