<?xml version="1.0" encoding="UTF-8"?>
<!-- Generated by org.testng.reporters.JUnitReportReporter -->
<testsuite hostname="LAPTOP-V746OSEM" failures="0" tests="1" name="UITest.getTagFromStackoverflow" time="6.300" errors="0" timestamp="2021-12-02T11:11:00 IST" skipped="0">
  <testcase classname="UITest.getTagFromStackoverflow" name="getTagWithMaximumQuestionsTest" time="6.300"/>
  <system-out/>
</testsuite> <!-- UITest.getTagFromStackoverflow -->
