<?xml version="1.0" encoding="UTF-8"?>
<!-- Generated by org.testng.reporters.JUnitReportReporter -->
<testsuite hostname="LAPTOP-V746OSEM" failures="0" tests="1" name="APITest.badgeReceipent_positive" time="3.069" errors="0" timestamp="2021-12-02T11:33:18 IST" skipped="0">
  <testcase classname="APITest.badgeReceipent_positive" name="badgeReceipent" time="3.069"/>
  <system-out/>
</testsuite> <!-- APITest.badgeReceipent_positive -->
