<?xml version="1.0" encoding="UTF-8"?>
<!-- Generated by org.testng.reporters.JUnitReportReporter -->
<testsuite hostname="LAPTOP-V746OSEM" failures="0" tests="3" name="APITest.badgeTags_negative" time="4.608" errors="0" timestamp="2021-12-02T11:33:18 IST" skipped="0">
  <testcase classname="APITest.badgeTags_negative" name="badgeTagsWithInvalidSite" time="1.412"/>
  <system-out/>
  <testcase classname="APITest.badgeTags_negative" name="badgeTagsWithInvalidOrder" time="1.768"/>
  <system-out/>
  <testcase classname="APITest.badgeTags_negative" name="badgeTagsWithInvalidSort" time="1.428"/>
  <system-out/>
</testsuite> <!-- APITest.badgeTags_negative -->
