<?xml version="1.0" encoding="UTF-8"?>
<!-- Generated by org.testng.reporters.JUnitReportReporter -->
<testsuite hostname="LAPTOP-V746OSEM" failures="0" tests="2" name="APITest.badgeReceipent_negative" time="3.854" errors="0" timestamp="2021-12-02T11:33:18 IST" skipped="0">
  <testcase classname="APITest.badgeReceipent_negative" name="badgeIDWithSiteValueAsInteger" time="1.413"/>
  <system-out/>
  <testcase classname="APITest.badgeReceipent_negative" name="badgeReceipentWithInvalidSite" time="2.441"/>
  <system-out/>
</testsuite> <!-- APITest.badgeReceipent_negative -->
