<?xml version="1.0" encoding="UTF-8"?>
<!-- Generated by org.testng.reporters.JUnitReportReporter -->
<testsuite hostname="LAPTOP-V746OSEM" failures="0" tests="1" name="APITest.badgeTags_positive" time="2.701" errors="0" timestamp="2021-12-02T11:33:18 IST" skipped="0">
  <testcase classname="APITest.badgeTags_positive" name="badgeTags" time="2.701"/>
  <system-out/>
</testsuite> <!-- APITest.badgeTags_positive -->
