<?xml version="1.0" encoding="UTF-8"?>
<!-- Generated by org.testng.reporters.JUnitReportReporter -->
<testsuite hostname="LAPTOP-V746OSEM" failures="0" tests="5" name="APITest.badgeID_negative" time="7.732" errors="0" timestamp="2021-12-02T11:33:18 IST" skipped="0">
  <testcase classname="APITest.badgeID_negative" name="badgeIDWithInvalidOrder" time="1.424"/>
  <system-out/>
  <testcase classname="APITest.badgeID_negative" name="badgeIDWithNegativeID" time="1.412"/>
  <system-out/>
  <testcase classname="APITest.badgeID_negative" name="badgeIDWithIDAsZero" time="2.008"/>
  <system-out/>
  <testcase classname="APITest.badgeID_negative" name="badgeIDWithInvalidSite" time="1.449"/>
  <system-out/>
  <testcase classname="APITest.badgeID_negative" name="badgeIDWithInvalidSort" time="1.439"/>
  <system-out/>
</testsuite> <!-- APITest.badgeID_negative -->
