<?xml version="1.0" encoding="UTF-8"?>
<!-- Generated by org.testng.reporters.JUnitReportReporter -->
<testsuite hostname="LAPTOP-V746OSEM" failures="0" tests="6" name="APITest.badgeID_positive" time="10.916" errors="0" timestamp="2021-12-01T15:59:42 IST" skipped="0">
  <testcase classname="APITest.badgeID_positive" name="badgeIDWithSortType" time="1.422"/>
  <system-out/>
  <testcase classname="APITest.badgeID_positive" name="badgeIDWithOrderAscSortRank" time="2.028"/>
  <system-out/>
  <testcase classname="APITest.badgeID_positive" name="badgeIDWithOrderDescSortRank" time="1.422"/>
  <system-out/>
  <testcase classname="APITest.badgeID_positive" name="badgeIDWithMax" time="2.799"/>
  <system-out/>
  <testcase classname="APITest.badgeID_positive" name="badgeIDWithSortName" time="1.403"/>
  <system-out/>
  <testcase classname="APITest.badgeID_positive" name="badgeIDWithMin" time="1.842"/>
  <system-out/>
</testsuite> <!-- APITest.badgeID_positive -->
